<?xml version="1.0" encoding="UTF-8"?>
<testng-results ignored="0" total="1" passed="1" failed="0" skipped="0">
  <reporter-output>
  </reporter-output>
  <suite started-at="2023-06-19T16:17:32 IST" name="Default suite" finished-at="2023-06-19T16:17:57 IST" duration-ms="25364">
    <groups>
    </groups>
    <test started-at="2023-06-19T16:17:32 IST" name="Default test" finished-at="2023-06-19T16:17:57 IST" duration-ms="25364">
      <class name="Test.TestClass">
        <test-method is-config="true" signature="openbrowser()[pri:0, instance:Test.TestClass@4567f35d]" started-at="2023-06-19T16:17:32 IST" name="openbrowser" finished-at="2023-06-19T16:17:36 IST" duration-ms="3953" status="PASS">
          <reporter-output>
          </reporter-output>
        </test-method> <!-- openbrowser -->
        <test-method signature="execution()[pri:0, instance:Test.TestClass@4567f35d]" started-at="2023-06-19T16:17:36 IST" name="execution" finished-at="2023-06-19T16:17:57 IST" duration-ms="21250" status="PASS">
          <reporter-output>
          </reporter-output>
        </test-method> <!-- execution -->
        <test-method is-config="true" signature="close()[pri:0, instance:Test.TestClass@4567f35d]" started-at="2023-06-19T16:17:57 IST" name="close" finished-at="2023-06-19T16:17:57 IST" duration-ms="125" status="PASS">
          <reporter-output>
          </reporter-output>
        </test-method> <!-- close -->
      </class> <!-- Test.TestClass -->
    </test> <!-- Default test -->
  </suite> <!-- Default suite -->
</testng-results>
